<?xml version="1.0" encoding="UTF-8"?>
<!-- Generated by org.testng.reporters.JUnitXMLReporter -->
<testsuite ignored="26" hostname="DESKTOP-570GG52" failures="1" tests="1" name="Default test" time="913.968" errors="0" timestamp="2025-07-25T19:28:47 IST">
  <testcase classname="com.report.test.transaction" name="get_All_Bank_Name" time="183.699">
    <failure type="org.openqa.selenium.NoSuchElementException" message="no such element: Unable to locate element: {&amp;quot;method&amp;quot;:&amp;quot;xpath&amp;quot;,&amp;quot;selector&amp;quot;:&amp;quot;//select[@id=&amp;apos;bnk&amp;apos;]&amp;quot;}
  (Session info: chrome=138.0.7204.158)
For documentation on this error, please visit: https://www.selenium.dev/documentation/webdriver/troubleshooting/errors#no-such-element-exception
Build info: version: &amp;apos;4.20.0&amp;apos;, revision: &amp;apos;866c76ca80&amp;apos;
System info: os.name: &amp;apos;Windows 11&amp;apos;, os.arch: &amp;apos;amd64&amp;apos;, os.version: &amp;apos;10.0&amp;apos;, java.version: &amp;apos;21.0.7&amp;apos;
Driver info: org.openqa.selenium.chrome.ChromeDriver
Command: [4d68e9cf8771f3c5a2e906c02caf9221, findElement {value=//select[@id=&amp;apos;bnk&amp;apos;], using=xpath}]
Capabilities {acceptInsecureCerts: false, browserName: chrome, browserVersion: 138.0.7204.158, chrome: {chromedriverVersion: 138.0.7204.168 (3e8d82e86e9..., userDataDir: C:\Users\LENOVO\AppData\Loc...}, fedcm:accounts: true, goog:chromeOptions: {debuggerAddress: localhost:49804}, networkConnectionEnabled: false, pageLoadStrategy: normal, platformName: windows, proxy: Proxy(), se:cdp: ws://localhost:49804/devtoo..., se:cdpVersion: 138.0.7204.158, setWindowRect: true, strictFileInteractability: false, timeouts: {implicit: 0, pageLoad: 300000, script: 30000}, unhandledPromptBehavior: dismiss and notify, webauthn:extension:credBlob: true, webauthn:extension:largeBlob: true, webauthn:extension:minPinLength: true, webauthn:extension:prf: true, webauthn:virtualAuthenticators: true}
Session ID: 4d68e9cf8771f3c5a2e906c02caf9221">
      <![CDATA[org.openqa.selenium.NoSuchElementException: no such element: Unable to locate element: {"method":"xpath","selector":"//select[@id='bnk']"}
  (Session info: chrome=138.0.7204.158)
For documentation on this error, please visit: https://www.selenium.dev/documentation/webdriver/troubleshooting/errors#no-such-element-exception
Build info: version: '4.20.0', revision: '866c76ca80'
System info: os.name: 'Windows 11', os.arch: 'amd64', os.version: '10.0', java.version: '21.0.7'
Driver info: org.openqa.selenium.chrome.ChromeDriver
Command: [4d68e9cf8771f3c5a2e906c02caf9221, findElement {value=//select[@id='bnk'], using=xpath}]
Capabilities {acceptInsecureCerts: false, browserName: chrome, browserVersion: 138.0.7204.158, chrome: {chromedriverVersion: 138.0.7204.168 (3e8d82e86e9..., userDataDir: C:\Users\LENOVO\AppData\Loc...}, fedcm:accounts: true, goog:chromeOptions: {debuggerAddress: localhost:49804}, networkConnectionEnabled: false, pageLoadStrategy: normal, platformName: windows, proxy: Proxy(), se:cdp: ws://localhost:49804/devtoo..., se:cdpVersion: 138.0.7204.158, setWindowRect: true, strictFileInteractability: false, timeouts: {implicit: 0, pageLoad: 300000, script: 30000}, unhandledPromptBehavior: dismiss and notify, webauthn:extension:credBlob: true, webauthn:extension:largeBlob: true, webauthn:extension:minPinLength: true, webauthn:extension:prf: true, webauthn:virtualAuthenticators: true}
Session ID: 4d68e9cf8771f3c5a2e906c02caf9221
at java.base/jdk.internal.reflect.DirectConstructorHandleAccessor.newInstance(DirectConstructorHandleAccessor.java:62)
at java.base/java.lang.reflect.Constructor.newInstanceWithCaller(Constructor.java:502)
at java.base/java.lang.reflect.Constructor.newInstance(Constructor.java:486)
at org.openqa.selenium.remote.ErrorCodec.decode(ErrorCodec.java:167)
at org.openqa.selenium.remote.codec.w3c.W3CHttpResponseCodec.decode(W3CHttpResponseCodec.java:138)
at org.openqa.selenium.remote.codec.w3c.W3CHttpResponseCodec.decode(W3CHttpResponseCodec.java:50)
at org.openqa.selenium.remote.HttpCommandExecutor.execute(HttpCommandExecutor.java:190)
at org.openqa.selenium.remote.service.DriverCommandExecutor.invokeExecute(DriverCommandExecutor.java:216)
at org.openqa.selenium.remote.service.DriverCommandExecutor.execute(DriverCommandExecutor.java:174)
at org.openqa.selenium.remote.RemoteWebDriver.execute(RemoteWebDriver.java:518)
at org.openqa.selenium.remote.ElementLocation$ElementFinder$2.findElement(ElementLocation.java:165)
at org.openqa.selenium.remote.ElementLocation.findElement(ElementLocation.java:59)
at org.openqa.selenium.remote.RemoteWebDriver.findElement(RemoteWebDriver.java:355)
at org.openqa.selenium.remote.RemoteWebDriver.findElement(RemoteWebDriver.java:349)
at org.openqa.selenium.support.pagefactory.DefaultElementLocator.findElement(DefaultElementLocator.java:68)
at org.openqa.selenium.support.pagefactory.internal.LocatingElementHandler.invoke(LocatingElementHandler.java:38)
at jdk.proxy2/jdk.proxy2.$Proxy19.getTagName(Unknown Source)
at org.openqa.selenium.support.ui.Select.<init>(Select.java:43)
at com.paysecure_Report.pages.transactionPage_first.getAllBankName(transactionPage_first.java:52)
at com.report.test.transaction.get_All_Bank_Name(transaction.java:356)
at java.base/jdk.internal.reflect.DirectMethodHandleAccessor.invoke(DirectMethodHandleAccessor.java:103)
at java.base/java.lang.reflect.Method.invoke(Method.java:580)
at org.testng.internal.invokers.MethodInvocationHelper.invokeMethod(MethodInvocationHelper.java:141)
at org.testng.internal.invokers.TestInvoker.invokeMethod(TestInvoker.java:687)
at org.testng.internal.invokers.TestInvoker.invokeTestMethod(TestInvoker.java:230)
at org.testng.internal.invokers.MethodRunner.runInSequence(MethodRunner.java:63)
at org.testng.internal.invokers.TestInvoker$MethodInvocationAgent.invoke(TestInvoker.java:995)
at org.testng.internal.invokers.TestInvoker.invokeTestMethods(TestInvoker.java:203)
at org.testng.internal.invokers.TestMethodWorker.invokeTestMethods(TestMethodWorker.java:154)
at org.testng.internal.invokers.TestMethodWorker.run(TestMethodWorker.java:134)
at java.base/java.util.ArrayList.forEach(ArrayList.java:1596)
at org.testng.TestRunner.privateRun(TestRunner.java:741)
at org.testng.TestRunner.run(TestRunner.java:616)
at org.testng.SuiteRunner.runTest(SuiteRunner.java:421)
at org.testng.SuiteRunner.runSequentially(SuiteRunner.java:413)
at org.testng.SuiteRunner.privateRun(SuiteRunner.java:373)
at org.testng.SuiteRunner.run(SuiteRunner.java:312)
at org.testng.SuiteRunnerWorker.runSuite(SuiteRunnerWorker.java:52)
at org.testng.SuiteRunnerWorker.run(SuiteRunnerWorker.java:95)
at org.testng.TestNG.runSuitesSequentially(TestNG.java:1274)
at org.testng.TestNG.runSuitesLocally(TestNG.java:1208)
at org.testng.TestNG.runSuites(TestNG.java:1112)
at org.testng.TestNG.run(TestNG.java:1079)
at org.testng.remote.AbstractRemoteTestNG.run(AbstractRemoteTestNG.java:115)
at org.testng.remote.RemoteTestNG.initAndRun(RemoteTestNG.java:293)
at org.testng.remote.RemoteTestNG.main(RemoteTestNG.java:91)
]]>
    </failure>
  </testcase> <!-- get_All_Bank_Name -->
  <testcase classname="com.report.test.transaction" name="verifyPurchaseID_EmailSummaryPage" time="0.0">
    <ignored/>
  </testcase> <!-- verifyPurchaseID_EmailSummaryPage -->
  <testcase classname="com.report.test.transaction" name="transactionUsingSelectBank" time="0.0">
    <ignored/>
  </testcase> <!-- transactionUsingSelectBank -->
  <testcase classname="com.report.test.transaction" name="verifyTransactionIDAndStatus_Paid123" time="0.0">
    <ignored/>
  </testcase> <!-- verifyTransactionIDAndStatus_Paid123 -->
  <testcase classname="com.report.test.transaction" name="selectMIDBasedOnBank" time="0.0">
    <ignored/>
  </testcase> <!-- selectMIDBasedOnBank -->
  <testcase classname="com.report.test.transaction" name="selectTimeZoneAndVerify" time="0.0">
    <ignored/>
  </testcase> <!-- selectTimeZoneAndVerify -->
  <testcase classname="com.report.test.transaction" name="selectDateRangeToAndFrom" time="0.0">
    <ignored/>
  </testcase> <!-- selectDateRangeToAndFrom -->
  <testcase classname="com.report.test.transaction" name="verifyIfLastStatusIsCreatedExpiredErrorThenCheckForpaidOn" time="0.0">
    <ignored/>
  </testcase> <!-- verifyIfLastStatusIsCreatedExpiredErrorThenCheckForpaidOn -->
  <testcase classname="com.report.test.transaction" name="verifyIfLastStatusIsPaidChargebackThenCheckForpaidOn" time="0.0">
    <ignored/>
  </testcase> <!-- verifyIfLastStatusIsPaidChargebackThenCheckForpaidOn -->
  <testcase classname="com.report.test.transaction" name="validtePaginationInEmailSummaryPage" time="0.0">
    <ignored/>
  </testcase> <!-- validtePaginationInEmailSummaryPage -->
  <testcase classname="com.report.test.transaction" name="status" time="0.0">
    <ignored/>
  </testcase> <!-- status -->
  <testcase classname="com.report.test.transaction" name="transactionUsingSelectMerchant" time="0.0">
    <ignored/>
  </testcase> <!-- transactionUsingSelectMerchant -->
  <testcase classname="com.report.test.transaction" name="testClickFirstValid_TransactionOnCardOage" time="0.0">
    <ignored/>
  </testcase> <!-- testClickFirstValid_TransactionOnCardOage -->
  <testcase classname="com.report.test.transaction" name="verifyTransactionIDAndStatus_Paid" time="0.0">
    <ignored/>
  </testcase> <!-- verifyTransactionIDAndStatus_Paid -->
  <testcase classname="com.report.test.transaction" name="testTIDInHistoryCardSummarypage" time="0.0">
    <ignored/>
  </testcase> <!-- testTIDInHistoryCardSummarypage -->
  <testcase classname="com.report.test.transaction" name="iterateAllTable_Pages" time="0.0">
    <ignored/>
  </testcase> <!-- iterateAllTable_Pages -->
  <testcase classname="com.report.test.transaction" name="verifyTransaCTIONidIn_ActionPage" time="0.0">
    <ignored/>
  </testcase> <!-- verifyTransaCTIONidIn_ActionPage -->
  <testcase classname="com.report.test.transaction" name="endToEndFlowOfTransaction" time="0.0">
    <ignored/>
  </testcase> <!-- endToEndFlowOfTransaction -->
  <testcase classname="com.report.test.transaction" name="transactionUsingSelectStatus" time="0.0">
    <ignored/>
  </testcase> <!-- transactionUsingSelectStatus -->
  <testcase classname="com.report.test.transaction" name="selectCurrency" time="0.0">
    <ignored/>
  </testcase> <!-- selectCurrency -->
  <testcase classname="com.report.test.transaction" name="verifyErrorIn_downloadInvoice" time="0.0">
    <ignored/>
  </testcase> <!-- verifyErrorIn_downloadInvoice -->
  <testcase classname="com.report.test.transaction" name="filter_Transaction_And_Open_Detail_Page" time="0.0">
    <ignored/>
  </testcase> <!-- filter_Transaction_And_Open_Detail_Page -->
  <testcase classname="com.report.test.transaction" name="allActionOnTransactionPage" time="0.0">
    <ignored/>
  </testcase> <!-- allActionOnTransactionPage -->
  <testcase classname="com.report.test.transaction" name="testClickFirstEmailOccurrenceOf_Card" time="0.0">
    <ignored/>
  </testcase> <!-- testClickFirstEmailOccurrenceOf_Card -->
  <testcase classname="com.report.test.transaction" name="testTIDInActionCardSummarypage" time="0.0">
    <ignored/>
  </testcase> <!-- testTIDInActionCardSummarypage -->
  <testcase classname="com.report.test.transaction" name="verify_downloadInvoice" time="0.0">
    <ignored/>
  </testcase> <!-- verify_downloadInvoice -->
  <testcase classname="com.report.test.transaction" name="selectDate" time="0.0">
    <ignored/>
  </testcase> <!-- selectDate -->
</testsuite> <!-- Default test -->
