<?xml version="1.0" encoding="UTF-8"?>
<!-- Generated by org.testng.reporters.JUnitXMLReporter -->
<testsuite ignored="13" hostname="PS-L6" failures="1" tests="24" name="ParallelTests" time="897.878" errors="0" timestamp="2025-07-17T16:53:49 IST">
  <testcase classname="com.report.test.transaction" name="@BeforeMethod setUp" time="118.212">
    <failure type="java.lang.AssertionError" message="null">
      <![CDATA[java.lang.AssertionError: null
at com.paysecure_Report.pages.transactionPage.navigateUptoTransaction(transactionPage.java:240)
at com.report.test.transaction.setUp(transaction.java:37)
at java.base/java.util.ArrayList.forEach(ArrayList.java:1596)
... Removed 31 stack frames]]>
    </failure>
  </testcase> <!-- @BeforeMethod setUp -->
  <testcase classname="com.paysecure.base.baseClass" name="@AfterMethod tearDown" time="0.0">
    <skipped/>
  </testcase> <!-- @AfterMethod tearDown -->
  <testcase classname="com.paysecure.base.baseClass" name="@BeforeMethod setup" time="0.0">
    <skipped/>
  </testcase> <!-- @BeforeMethod setup -->
  <testcase classname="com.report.test.transaction" name="@BeforeMethod setUp" time="0.0">
    <skipped/>
  </testcase> <!-- @BeforeMethod setUp -->
  <testcase classname="com.paysecure.base.baseClass" name="@AfterMethod tearDown" time="0.0">
    <skipped/>
  </testcase> <!-- @AfterMethod tearDown -->
  <testcase classname="com.paysecure.base.baseClass" name="@BeforeMethod setup" time="0.0">
    <skipped/>
  </testcase> <!-- @BeforeMethod setup -->
  <testcase classname="com.report.test.transaction" name="@BeforeMethod setUp" time="0.0">
    <skipped/>
  </testcase> <!-- @BeforeMethod setUp -->
  <testcase classname="com.paysecure.base.baseClass" name="@AfterMethod tearDown" time="0.0">
    <skipped/>
  </testcase> <!-- @AfterMethod tearDown -->
  <testcase classname="com.paysecure.base.baseClass" name="@BeforeMethod setup" time="0.0">
    <skipped/>
  </testcase> <!-- @BeforeMethod setup -->
  <testcase classname="com.report.test.transaction" name="@BeforeMethod setUp" time="0.0">
    <skipped/>
  </testcase> <!-- @BeforeMethod setUp -->
  <testcase classname="com.paysecure.base.baseClass" name="@AfterMethod tearDown" time="0.0">
    <skipped/>
  </testcase> <!-- @AfterMethod tearDown -->
  <testcase classname="com.paysecure.base.baseClass" name="@BeforeMethod setup" time="0.0">
    <skipped/>
  </testcase> <!-- @BeforeMethod setup -->
  <testcase classname="com.report.test.transaction" name="@BeforeMethod setUp" time="0.0">
    <skipped/>
  </testcase> <!-- @BeforeMethod setUp -->
  <testcase classname="com.paysecure.base.baseClass" name="@AfterMethod tearDown" time="0.0">
    <skipped/>
  </testcase> <!-- @AfterMethod tearDown -->
  <testcase classname="com.paysecure.base.baseClass" name="@BeforeMethod setup" time="0.0">
    <skipped/>
  </testcase> <!-- @BeforeMethod setup -->
  <testcase classname="com.report.test.transaction" name="@BeforeMethod setUp" time="0.0">
    <skipped/>
  </testcase> <!-- @BeforeMethod setUp -->
  <testcase classname="com.paysecure.base.baseClass" name="@AfterMethod tearDown" time="0.0">
    <skipped/>
  </testcase> <!-- @AfterMethod tearDown -->
  <testcase classname="com.report.test.transactionLog" name="@BeforeMethod beforeMethod" time="153.149">
    <failure type="java.lang.AssertionError" message="user is not on the Api Report Report this page expected [true] but found [false]">
      <![CDATA[java.lang.AssertionError: user is not on the Api Report Report this page expected [true] but found [false]
at com.paysecure_Report.pages.transaction_Log_page.verifyUserIsOnTransactionLogPage(transaction_Log_page.java:70)
at com.report.test.transactionLog.beforeMethod(transactionLog.java:30)
at java.base/java.util.ArrayList.forEach(ArrayList.java:1596)
... Removed 32 stack frames]]>
    </failure>
  </testcase> <!-- @BeforeMethod beforeMethod -->
  <testcase classname="com.paysecure.base.baseClass" name="@AfterMethod tearDown" time="0.0">
    <skipped/>
  </testcase> <!-- @AfterMethod tearDown -->
  <testcase classname="com.paysecure.base.baseClass" name="@BeforeMethod setup" time="0.0">
    <skipped/>
  </testcase> <!-- @BeforeMethod setup -->
  <testcase classname="com.report.test.transactionLog" name="@BeforeMethod beforeMethod" time="0.0">
    <skipped/>
  </testcase> <!-- @BeforeMethod beforeMethod -->
  <testcase classname="com.paysecure.base.baseClass" name="@AfterMethod tearDown" time="0.0">
    <skipped/>
  </testcase> <!-- @AfterMethod tearDown -->
  <testcase classname="com.report.test.apiLog" name="@BeforeMethod beforeMethod" time="199.524">
    <failure type="java.lang.AssertionError" message="user is not on the Api Report Report this page expected [true] but found [false]">
      <![CDATA[java.lang.AssertionError: user is not on the Api Report Report this page expected [true] but found [false]
at com.paysecure_Report.pages.apiLog_page.verifyUserIsOnApiReportPage(apiLog_page.java:86)
at com.report.test.apiLog.beforeMethod(apiLog.java:37)
at java.base/java.util.ArrayList.forEach(ArrayList.java:1596)
... Removed 32 stack frames]]>
    </failure>
  </testcase> <!-- @BeforeMethod beforeMethod -->
  <testcase classname="com.paysecure.base.baseClass" name="@AfterMethod tearDown" time="0.0">
    <skipped/>
  </testcase> <!-- @AfterMethod tearDown -->
  <testcase classname="com.report.test.bankTransactionTime" name="@BeforeMethod beforeMethod" time="199.343">
    <failure type="java.lang.AssertionError" message="user is not on the Bank Transaction Time Report this page expected [true] but found [false]">
      <![CDATA[java.lang.AssertionError: user is not on the Bank Transaction Time Report this page expected [true] but found [false]
at com.paysecure_Report.pages.bank_Transaction_Time.navigateUptoBankTransactionTimeReport(bank_Transaction_Time.java:99)
at com.report.test.bankTransactionTime.beforeMethod(bankTransactionTime.java:31)
at java.base/java.util.ArrayList.forEach(ArrayList.java:1596)
... Removed 32 stack frames]]>
    </failure>
  </testcase> <!-- @BeforeMethod beforeMethod -->
  <testcase classname="com.paysecure.base.baseClass" name="@AfterMethod tearDown" time="0.0">
    <skipped/>
  </testcase> <!-- @AfterMethod tearDown -->
  <testcase classname="com.paysecure.base.baseClass" name="@BeforeMethod setup" time="0.0">
    <skipped/>
  </testcase> <!-- @BeforeMethod setup -->
  <testcase classname="com.report.test.transaction" name="@BeforeMethod setUp" time="0.0">
    <skipped/>
  </testcase> <!-- @BeforeMethod setUp -->
  <testcase classname="com.paysecure.base.baseClass" name="@AfterMethod tearDown" time="0.0">
    <skipped/>
  </testcase> <!-- @AfterMethod tearDown -->
  <testcase classname="com.paysecure.base.baseClass" name="@BeforeMethod setup" time="0.0">
    <skipped/>
  </testcase> <!-- @BeforeMethod setup -->
  <testcase classname="com.report.test.transaction" name="@BeforeMethod setUp" time="0.0">
    <skipped/>
  </testcase> <!-- @BeforeMethod setUp -->
  <testcase classname="com.paysecure.base.baseClass" name="@AfterMethod tearDown" time="0.0">
    <skipped/>
  </testcase> <!-- @AfterMethod tearDown -->
  <testcase classname="com.paysecure.base.baseClass" name="@BeforeMethod setup" time="0.0">
    <skipped/>
  </testcase> <!-- @BeforeMethod setup -->
  <testcase classname="com.report.test.transaction" name="@BeforeMethod setUp" time="0.0">
    <skipped/>
  </testcase> <!-- @BeforeMethod setUp -->
  <testcase classname="com.paysecure.base.baseClass" name="@AfterMethod tearDown" time="0.0">
    <skipped/>
  </testcase> <!-- @AfterMethod tearDown -->
  <testcase classname="com.paysecure.base.baseClass" name="@BeforeMethod setup" time="0.0">
    <skipped/>
  </testcase> <!-- @BeforeMethod setup -->
  <testcase classname="com.report.test.transaction" name="@BeforeMethod setUp" time="0.0">
    <skipped/>
  </testcase> <!-- @BeforeMethod setUp -->
  <testcase classname="com.paysecure.base.baseClass" name="@AfterMethod tearDown" time="0.0">
    <skipped/>
  </testcase> <!-- @AfterMethod tearDown -->
  <testcase classname="com.paysecure.base.baseClass" name="@BeforeMethod setup" time="0.0">
    <skipped/>
  </testcase> <!-- @BeforeMethod setup -->
  <testcase classname="com.report.test.transaction" name="@BeforeMethod setUp" time="0.0">
    <skipped/>
  </testcase> <!-- @BeforeMethod setUp -->
  <testcase classname="com.paysecure.base.baseClass" name="@AfterMethod tearDown" time="0.0">
    <skipped/>
  </testcase> <!-- @AfterMethod tearDown -->
  <testcase classname="com.paysecure.base.baseClass" name="@BeforeMethod setup" time="0.0">
    <skipped/>
  </testcase> <!-- @BeforeMethod setup -->
  <testcase classname="com.report.test.transaction" name="@BeforeMethod setUp" time="0.0">
    <skipped/>
  </testcase> <!-- @BeforeMethod setUp -->
  <testcase classname="com.paysecure.base.baseClass" name="@AfterMethod tearDown" time="0.0">
    <skipped/>
  </testcase> <!-- @AfterMethod tearDown -->
  <testcase classname="com.paysecure.base.baseClass" name="@BeforeMethod setup" time="0.0">
    <skipped/>
  </testcase> <!-- @BeforeMethod setup -->
  <testcase classname="com.report.test.transaction" name="@BeforeMethod setUp" time="0.0">
    <skipped/>
  </testcase> <!-- @BeforeMethod setUp -->
  <testcase classname="com.paysecure.base.baseClass" name="@AfterMethod tearDown" time="0.0">
    <skipped/>
  </testcase> <!-- @AfterMethod tearDown -->
  <testcase classname="com.paysecure.base.baseClass" name="@BeforeMethod setup" time="0.0">
    <skipped/>
  </testcase> <!-- @BeforeMethod setup -->
  <testcase classname="com.report.test.transaction" name="@BeforeMethod setUp" time="0.0">
    <skipped/>
  </testcase> <!-- @BeforeMethod setUp -->
  <testcase classname="com.paysecure.base.baseClass" name="@AfterMethod tearDown" time="0.0">
    <skipped/>
  </testcase> <!-- @AfterMethod tearDown -->
  <testcase classname="com.paysecure.base.baseClass" name="@BeforeMethod setup" time="0.0">
    <skipped/>
  </testcase> <!-- @BeforeMethod setup -->
  <testcase classname="com.report.test.transaction" name="@BeforeMethod setUp" time="0.0">
    <skipped/>
  </testcase> <!-- @BeforeMethod setUp -->
  <testcase classname="com.paysecure.base.baseClass" name="@AfterMethod tearDown" time="0.0">
    <skipped/>
  </testcase> <!-- @AfterMethod tearDown -->
  <testcase classname="com.paysecure.base.baseClass" name="@BeforeMethod setup" time="0.0">
    <skipped/>
  </testcase> <!-- @BeforeMethod setup -->
  <testcase classname="com.report.test.transaction" name="@BeforeMethod setUp" time="0.0">
    <skipped/>
  </testcase> <!-- @BeforeMethod setUp -->
  <testcase classname="com.paysecure.base.baseClass" name="@AfterMethod tearDown" time="0.0">
    <skipped/>
  </testcase> <!-- @AfterMethod tearDown -->
  <testcase classname="com.paysecure.base.baseClass" name="@BeforeMethod setup" time="0.0">
    <skipped/>
  </testcase> <!-- @BeforeMethod setup -->
  <testcase classname="com.report.test.transaction" name="@BeforeMethod setUp" time="0.0">
    <skipped/>
  </testcase> <!-- @BeforeMethod setUp -->
  <testcase classname="com.paysecure.base.baseClass" name="@AfterMethod tearDown" time="0.0">
    <skipped/>
  </testcase> <!-- @AfterMethod tearDown -->
  <testcase classname="com.paysecure.base.baseClass" name="@BeforeMethod setup" time="0.0">
    <skipped/>
  </testcase> <!-- @BeforeMethod setup -->
  <testcase classname="com.report.test.transaction" name="@BeforeMethod setUp" time="0.0">
    <skipped/>
  </testcase> <!-- @BeforeMethod setUp -->
  <testcase classname="com.paysecure.base.baseClass" name="@AfterMethod tearDown" time="0.0">
    <skipped/>
  </testcase> <!-- @AfterMethod tearDown -->
  <testcase classname="com.paysecure.base.baseClass" name="@BeforeMethod setup" time="0.0">
    <skipped/>
  </testcase> <!-- @BeforeMethod setup -->
  <testcase classname="com.report.test.transaction" name="@BeforeMethod setUp" time="0.0">
    <skipped/>
  </testcase> <!-- @BeforeMethod setUp -->
  <testcase classname="com.paysecure.base.baseClass" name="@AfterMethod tearDown" time="0.0">
    <skipped/>
  </testcase> <!-- @AfterMethod tearDown -->
  <testcase classname="com.report.test.transaction" name="transactionUsingSelectStatus" time="0.001">
    <skipped/>
  </testcase> <!-- transactionUsingSelectStatus -->
  <testcase classname="com.report.test.transaction" name="transactionUsingSelectMerchant" time="0.0">
    <skipped/>
  </testcase> <!-- transactionUsingSelectMerchant -->
  <testcase classname="com.report.test.transaction" name="verifyPurchaseID_EmailSummaryPage" time="0.0">
    <skipped/>
  </testcase> <!-- verifyPurchaseID_EmailSummaryPage -->
  <testcase classname="com.report.test.transaction" name="verifyTransaCTIONidIn_ActionPage" time="0.0">
    <skipped/>
  </testcase> <!-- verifyTransaCTIONidIn_ActionPage -->
  <testcase classname="com.report.test.transaction" name="validtePaginationInEmailSummaryPage" time="0.0">
    <skipped/>
  </testcase> <!-- validtePaginationInEmailSummaryPage -->
  <testcase classname="com.report.test.transaction" name="testClickFirstEmailOccurrence" time="0.0">
    <skipped/>
  </testcase> <!-- testClickFirstEmailOccurrence -->
  <testcase classname="com.report.test.transactionLog" name="verifyTransactionLog" time="0.0">
    <skipped/>
  </testcase> <!-- verifyTransactionLog -->
  <testcase classname="com.report.test.transactionLog" name="verify_purchaseIDJson" time="0.0">
    <skipped/>
  </testcase> <!-- verify_purchaseIDJson -->
  <testcase classname="com.report.test.apiLog" name="verifyAPILog" time="0.0">
    <skipped/>
  </testcase> <!-- verifyAPILog -->
  <testcase classname="com.report.test.bankTransactionTime" name="verifyBankTransactionTimeReport" time="0.0">
    <skipped/>
  </testcase> <!-- verifyBankTransactionTimeReport -->
  <testcase classname="com.report.test.download" name="downloadTransaction" time="195.393">
    <failure type="java.lang.AssertionError" message="user is not on the Api Report Report this page expected [true] but found [false]">
      <![CDATA[java.lang.AssertionError: user is not on the Api Report Report this page expected [true] but found [false]
at com.paysecure_Report.pages.download_page.verifyUserIsOnDownloadPage(download_page.java:72)
at com.report.test.download.downloadTransaction(download.java:48)
at java.base/java.util.ArrayList.forEach(ArrayList.java:1596)
... Removed 28 stack frames]]>
    </failure>
  </testcase> <!-- downloadTransaction -->
  <testcase classname="com.report.test.transaction" name="transactionUsingSelectBank" time="0.0">
    <skipped/>
  </testcase> <!-- transactionUsingSelectBank -->
  <testcase classname="com.report.test.transaction" name="selectMIDBasedOnBank" time="0.0">
    <skipped/>
  </testcase> <!-- selectMIDBasedOnBank -->
  <testcase classname="com.report.test.transaction" name="selectDate" time="0.001">
    <skipped/>
  </testcase> <!-- selectDate -->
  <testcase classname="com.report.test.transaction" name="selectDateRangeToAndFrom" time="0.0">
    <skipped/>
  </testcase> <!-- selectDateRangeToAndFrom -->
  <testcase classname="com.report.test.transaction" name="selectTimeZoneAndVerify" time="0.0">
    <skipped/>
  </testcase> <!-- selectTimeZoneAndVerify -->
  <testcase classname="com.report.test.transaction" name="selectCurrency" time="0.0">
    <skipped/>
  </testcase> <!-- selectCurrency -->
  <testcase classname="com.report.test.transaction" name="status" time="0.0">
    <skipped/>
  </testcase> <!-- status -->
  <testcase classname="com.report.test.transaction" name="allActionOnTransactionPage" time="0.0">
    <skipped/>
  </testcase> <!-- allActionOnTransactionPage -->
  <testcase classname="com.report.test.transaction" name="endToEndFlowOfTransaction" time="0.0">
    <skipped/>
  </testcase> <!-- endToEndFlowOfTransaction -->
  <testcase classname="com.report.test.transaction" name="iterateAllTable_Pages" time="0.0">
    <skipped/>
  </testcase> <!-- iterateAllTable_Pages -->
  <testcase classname="com.report.test.transaction" name="filter_Transaction_And_Open_Detail_Page" time="0.0">
    <skipped/>
  </testcase> <!-- filter_Transaction_And_Open_Detail_Page -->
  <testcase classname="com.report.test.transaction" name="verify_downloadInvoice" time="0.0">
    <skipped/>
  </testcase> <!-- verify_downloadInvoice -->
  <testcase classname="com.report.test.transaction" name="verifyErrorIn_downloadInvoice" time="0.0">
    <skipped/>
  </testcase> <!-- verifyErrorIn_downloadInvoice -->
  <testcase classname="com.report.test.transaction" name="testTIDInHistoryCardSummarypage" time="0.0">
    <ignored/>
  </testcase> <!-- testTIDInHistoryCardSummarypage -->
  <testcase classname="com.report.test.transaction" name="testClickFirstValid_TransactionOnCardOage" time="0.0">
    <ignored/>
  </testcase> <!-- testClickFirstValid_TransactionOnCardOage -->
  <testcase classname="com.paysecure.base.baseClass" name="@BeforeSuite loadConfig" time="0.0">
    <ignored/>
  </testcase> <!-- @BeforeSuite loadConfig -->
  <testcase classname="com.report.test.bankTransactionTime" name="handleAllData_Pagination" time="0.0">
    <ignored/>
  </testcase> <!-- handleAllData_Pagination -->
  <testcase classname="com.report.test.apiLog" name="verifyTableHeaders" time="0.0">
    <ignored/>
  </testcase> <!-- verifyTableHeaders -->
  <testcase classname="com.paysecure.base.baseClass" name="@BeforeSuite loadConfig" time="0.0">
    <ignored/>
  </testcase> <!-- @BeforeSuite loadConfig -->
  <testcase classname="com.report.test.transactionLog" name="verifyTableHeaders" time="0.0">
    <ignored/>
  </testcase> <!-- verifyTableHeaders -->
  <testcase classname="com.paysecure.base.baseClass" name="@BeforeSuite loadConfig" time="0.0">
    <ignored/>
  </testcase> <!-- @BeforeSuite loadConfig -->
  <testcase classname="com.report.test.bankTransactionTime" name="verifyTableHeaders" time="0.0">
    <ignored/>
  </testcase> <!-- verifyTableHeaders -->
  <testcase classname="com.report.test.transaction" name="testClickFirstEmailOccurrenceOf_Card" time="0.0">
    <ignored/>
  </testcase> <!-- testClickFirstEmailOccurrenceOf_Card -->
  <testcase classname="com.report.test.transaction" name="testTIDInActionCardSummarypage" time="0.0">
    <ignored/>
  </testcase> <!-- testTIDInActionCardSummarypage -->
  <testcase classname="com.paysecure.base.baseClass" name="@BeforeSuite loadConfig" time="0.0">
    <ignored/>
  </testcase> <!-- @BeforeSuite loadConfig -->
  <testcase classname="com.report.test.bankTransactionTime" name="verify_transaction_Id" time="0.0">
    <ignored/>
  </testcase> <!-- verify_transaction_Id -->
</testsuite> <!-- ParallelTests -->
