<?xml version="1.0" encoding="UTF-8"?>
<!-- Generated by org.testng.reporters.JUnitReportReporter -->
<testsuite hostname="PS-L6" failures="1" tests="2" name="com.report.test.bankTransactionTime" time="204.472" errors="0" timestamp="2025-07-17T16:53:50 IST" skipped="1">
  <testcase classname="com.report.test.bankTransactionTime" name="beforeMethod" time="204.472">
    <failure message="user is not on the Bank Transaction Time Report this page expected [true] but found [false]" type="java.lang.AssertionError">
      <![CDATA[java.lang.AssertionError: user is not on the Bank Transaction Time Report this page expected [true] but found [false]
at org.testng.Assert.fail(Assert.java:111)
at org.testng.Assert.failNotEquals(Assert.java:1590)
at org.testng.Assert.assertTrue(Assert.java:57)
at com.paysecure_Report.pages.bank_Transaction_Time.navigateUptoBankTransactionTimeReport(bank_Transaction_Time.java:99)
at com.report.test.bankTransactionTime.beforeMethod(bankTransactionTime.java:31)
at java.base/jdk.internal.reflect.DirectMethodHandleAccessor.invoke(DirectMethodHandleAccessor.java:103)
at java.base/java.lang.reflect.Method.invoke(Method.java:580)
at org.testng.internal.invokers.MethodInvocationHelper.invokeMethod(MethodInvocationHelper.java:141)
at org.testng.internal.invokers.MethodInvocationHelper.invokeMethodConsideringTimeout(MethodInvocationHelper.java:71)
at org.testng.internal.invokers.ConfigInvoker.invokeConfigurationMethod(ConfigInvoker.java:400)
at org.testng.internal.invokers.ConfigInvoker.invokeConfigurations(ConfigInvoker.java:333)
at org.testng.internal.invokers.TestInvoker.runConfigMethods(TestInvoker.java:836)
at org.testng.internal.invokers.TestInvoker.invokeMethod(TestInvoker.java:601)
at org.testng.internal.invokers.TestInvoker.invokeTestMethod(TestInvoker.java:230)
at org.testng.internal.invokers.MethodRunner.runInSequence(MethodRunner.java:63)
at org.testng.internal.invokers.TestInvoker$MethodInvocationAgent.invoke(TestInvoker.java:995)
at org.testng.internal.invokers.TestInvoker.invokeTestMethods(TestInvoker.java:203)
at org.testng.internal.invokers.TestMethodWorker.invokeTestMethods(TestMethodWorker.java:154)
at org.testng.internal.invokers.TestMethodWorker.run(TestMethodWorker.java:134)
at java.base/java.util.ArrayList.forEach(ArrayList.java:1596)
at org.testng.TestRunner.privateRun(TestRunner.java:741)
at org.testng.TestRunner.run(TestRunner.java:616)
at org.testng.SuiteRunner.runTest(SuiteRunner.java:421)
at org.testng.SuiteRunner.runSequentially(SuiteRunner.java:413)
at org.testng.SuiteRunner.privateRun(SuiteRunner.java:373)
at org.testng.SuiteRunner.run(SuiteRunner.java:312)
at org.testng.SuiteRunnerWorker.runSuite(SuiteRunnerWorker.java:52)
at org.testng.SuiteRunnerWorker.run(SuiteRunnerWorker.java:95)
at org.testng.TestNG.runSuitesSequentially(TestNG.java:1274)
at org.testng.TestNG.runSuitesLocally(TestNG.java:1208)
at org.testng.TestNG.runSuites(TestNG.java:1112)
at org.testng.TestNG.run(TestNG.java:1079)
at org.testng.remote.AbstractRemoteTestNG.run(AbstractRemoteTestNG.java:115)
at org.testng.remote.RemoteTestNG.initAndRun(RemoteTestNG.java:293)
at org.testng.remote.RemoteTestNG.main(RemoteTestNG.java:91)
]]>
    </failure>
    <system-out>
      <![CDATA[User enter ID in Username field
User Enter Password in password field
Click on submit button in login page
SCROOLL UPTO ANALYTICS
Click on Report Module
Click on Bank Transaction Time Sub Module]]>
    </system-out>
  </testcase> <!-- beforeMethod -->
  <testcase classname="com.report.test.bankTransactionTime" name="verifyBankTransactionTimeReport" time="0.000">
    <skipped/>
  </testcase> <!-- verifyBankTransactionTimeReport -->
  <system-out>
    <![CDATA[User enter ID in Username field
User Enter Password in password field
Click on submit button in login page
User enter ID in Username field
User Enter Password in password field
Click on submit button in login page
Click on Report Module
Click on Transaction Log Sub Module
User enter ID in Username field
User Enter Password in password field
Click on submit button in login page
Click on Report Module
Click on Api Log Sub Module
User enter ID in Username field
User Enter Password in password field
Click on submit button in login page
SCROOLL UPTO ANALYTICS
Click on Report Module
Click on Bank Transaction Time Sub Module
User enter ID in Username field
User Enter Password in password field
Click on submit button in login page
Click on Report Module
Click on download Sub Module]]>
  </system-out>
</testsuite> <!-- com.report.test.bankTransactionTime -->
